{"level":"info","message":"Starting application","timestamp":"2017-10-10T01:18:54.113Z"}
{"level":"info","message":"HTTP Server listening on port:5000, in developmentmode","timestamp":"2017-10-10T01:18:54.128Z"}
{"level":"info","message":"Starting application","timestamp":"2017-10-10T01:23:29.794Z"}
{"level":"info","message":"HTTP Server listening on port:5000, in developmentmode","timestamp":"2017-10-10T01:23:29.827Z"}
{"level":"info","message":"Starting application","timestamp":"2017-10-10T01:24:09.630Z"}
{"level":"info","message":"HTTP Server listening on port:5000, in developmentmode","timestamp":"2017-10-10T01:24:09.647Z"}
{"level":"info","message":"Starting application","timestamp":"2017-10-10T01:34:11.022Z"}
{"level":"info","message":"HTTP Server listening on port:5000, in developmentmode","timestamp":"2017-10-10T01:34:11.051Z"}
{"level":"info","message":"Starting application","timestamp":"2017-10-10T01:36:22.596Z"}
{"level":"info","message":"HTTP Server listening on port:5000, in developmentmode","timestamp":"2017-10-10T01:36:22.611Z"}
{"level":"info","message":"Starting application","timestamp":"2017-10-10T01:36:56.817Z"}
{"level":"info","message":"HTTP Server listening on port:5000, in developmentmode","timestamp":"2017-10-10T01:36:56.845Z"}
{"level":"info","message":"Starting application","timestamp":"2017-10-10T01:37:28.766Z"}
{"level":"info","message":"HTTP Server listening on port:5000, in developmentmode","timestamp":"2017-10-10T01:37:28.782Z"}
{"level":"info","message":"Starting application","timestamp":"2017-10-10T01:38:06.431Z"}
{"level":"info","message":"HTTP Server listening on port:5000, in developmentmode","timestamp":"2017-10-10T01:38:06.446Z"}
{"level":"info","message":"Starting application","timestamp":"2017-10-10T01:38:19.650Z"}
{"level":"info","message":"HTTP Server listening on port:5000, in developmentmode","timestamp":"2017-10-10T01:38:19.666Z"}
{"level":"info","message":"Request from ::1","timestamp":"2017-10-10T15:14:04.334Z"}
{"level":"info","message":"Request from ::1","timestamp":"2017-10-10T15:14:04.406Z"}
{"level":"info","message":"Starting application","timestamp":"2017-10-10T16:08:11.896Z"}
{"level":"info","message":"HTTP Server listening on port:5000, in developmentmode","timestamp":"2017-10-10T16:08:11.912Z"}
{"level":"info","message":"Request from ::1","timestamp":"2017-10-10T16:08:47.278Z"}
{"level":"info","message":"Request from ::1","timestamp":"2017-10-10T16:08:48.482Z"}
{"level":"info","message":"Request from ::1","timestamp":"2017-10-10T16:09:08.086Z"}
{"level":"info","message":"Starting application","timestamp":"2017-10-10T16:09:57.006Z"}
{"level":"info","message":"HTTP Server listening on port:4000, in testmode","timestamp":"2017-10-10T16:09:57.555Z"}
{"level":"info","message":"Starting application","timestamp":"2017-10-10T19:36:18.003Z"}
{"level":"info","message":"HTTP Server listening on port:3000, in development mode","timestamp":"2017-10-10T19:36:18.015Z"}
{"level":"info","message":"Starting application","timestamp":"2017-10-10T19:36:50.488Z"}
{"level":"info","message":"HTTP Server listening on port:4000, in test mode","timestamp":"2017-10-10T19:36:50.570Z"}
{"level":"info","message":"Starting application","timestamp":"2017-10-10T19:37:43.105Z"}
{"level":"info","message":"HTTP Server listening on port:4000, in test mode","timestamp":"2017-10-10T19:37:43.175Z"}
